jinja2.ext.TemplateAssertionError
=================================

.. currentmodule:: jinja2.ext

.. autoexception:: TemplateAssertionError