jinja2.TemplateAssertionError
=============================

.. currentmodule:: jinja2

.. autoexception:: TemplateAssertionError